This file contains any messages produced by compilers while
running configure, to aid debugging if configure makes a mistake.

It was created by ma57 configure 3.10.0, which was
generated by GNU Autoconf 2.69.  Invocation command line was

  $ ./configure 

## --------- ##
## Platform. ##
## --------- ##

hostname = hdang
uname -m = x86_64
uname -r = 5.3.0-46-generic
uname -s = Linux
uname -v = #38~18.04.1-Ubuntu SMP Tue Mar 31 04:17:56 UTC 2020

/usr/bin/uname -p = unknown
/bin/uname -X     = unknown

/bin/arch              = unknown
/usr/bin/arch -k       = unknown
/usr/convex/getsysinfo = unknown
/usr/bin/hostinfo      = unknown
/bin/machine           = unknown
/usr/bin/oslevel       = unknown
/bin/universe          = unknown

PATH: /home/hdang/anaconda3/bin
PATH: /home/hdang/anaconda3/condabin
PATH: /home/hdang/.local/bin
PATH: /usr/local/bin
PATH: /usr/bin
PATH: /bin
PATH: /usr/games
PATH: /snap/bin


## ----------- ##
## Core tests. ##
## ----------- ##

configure:2444: checking for a BSD-compatible install
configure:2512: result: /usr/bin/install -c
configure:2523: checking whether build environment is sane
configure:2578: result: yes
configure:2729: checking for a thread-safe mkdir -p
configure:2768: result: /bin/mkdir -p
configure:2775: checking for gawk
configure:2791: found /usr/bin/gawk
configure:2802: result: gawk
configure:2813: checking whether make sets $(MAKE)
configure:2835: result: yes
configure:2864: checking whether make supports nested variables
configure:2881: result: yes
configure:3061: checking for gfortran
configure:3077: found /usr/bin/gfortran
configure:3088: result: gfortran
configure:3114: checking for Fortran compiler version
configure:3123: gfortran --version >&5
GNU Fortran (Ubuntu 7.5.0-3ubuntu1~18.04) 7.5.0
Copyright (C) 2017 Free Software Foundation, Inc.
This is free software; see the source for copying conditions.  There is NO
warranty; not even for MERCHANTABILITY or FITNESS FOR A PARTICULAR PURPOSE.

configure:3134: $? = 0
configure:3123: gfortran -v >&5
Using built-in specs.
COLLECT_GCC=gfortran
COLLECT_LTO_WRAPPER=/usr/lib/gcc/x86_64-linux-gnu/7/lto-wrapper
OFFLOAD_TARGET_NAMES=nvptx-none
OFFLOAD_TARGET_DEFAULT=1
Target: x86_64-linux-gnu
Configured with: ../src/configure -v --with-pkgversion='Ubuntu 7.5.0-3ubuntu1~18.04' --with-bugurl=file:///usr/share/doc/gcc-7/README.Bugs --enable-languages=c,ada,c++,go,brig,d,fortran,objc,obj-c++ --prefix=/usr --with-gcc-major-version-only --program-suffix=-7 --program-prefix=x86_64-linux-gnu- --enable-shared --enable-linker-build-id --libexecdir=/usr/lib --without-included-gettext --enable-threads=posix --libdir=/usr/lib --enable-nls --enable-bootstrap --enable-clocale=gnu --enable-libstdcxx-debug --enable-libstdcxx-time=yes --with-default-libstdcxx-abi=new --enable-gnu-unique-object --disable-vtable-verify --enable-libmpx --enable-plugin --enable-default-pie --with-system-zlib --with-target-system-zlib --enable-objc-gc=auto --enable-multiarch --disable-werror --with-arch-32=i686 --with-abi=m64 --with-multilib-list=m32,m64,mx32 --enable-multilib --with-tune=generic --enable-offload-targets=nvptx-none --without-cuda-driver --enable-checking=release --build=x86_64-linux-gnu --host=x86_64-linux-gnu --target=x86_64-linux-gnu
Thread model: posix
gcc version 7.5.0 (Ubuntu 7.5.0-3ubuntu1~18.04) 
configure:3134: $? = 0
configure:3123: gfortran -V >&5
gfortran: error: unrecognized command line option '-V'
gfortran: fatal error: no input files
compilation terminated.
configure:3134: $? = 1
configure:3123: gfortran -qversion >&5
gfortran: error: unrecognized command line option '-qversion'; did you mean '--version'?
gfortran: fatal error: no input files
compilation terminated.
configure:3134: $? = 1
configure:3149: checking whether the Fortran compiler works
configure:3171: gfortran    conftest.f  >&5
configure:3175: $? = 0
configure:3223: result: yes
configure:3226: checking for Fortran compiler default output file name
configure:3228: result: a.out
configure:3234: checking for suffix of executables
configure:3241: gfortran -o conftest    conftest.f  >&5
configure:3245: $? = 0
configure:3267: result: 
configure:3283: checking whether we are cross compiling
configure:3291: gfortran -o conftest    conftest.f  >&5
configure:3295: $? = 0
configure:3302: ./conftest
configure:3306: $? = 0
configure:3321: result: no
configure:3326: checking for suffix of object files
configure:3342: gfortran -c   conftest.f >&5
configure:3346: $? = 0
configure:3367: result: o
configure:3375: checking whether we are using the GNU Fortran compiler
configure:3388: gfortran -c   conftest.F >&5
configure:3388: $? = 0
configure:3397: result: yes
configure:3403: checking whether gfortran accepts -g
configure:3414: gfortran -c -g  conftest.f >&5
configure:3414: $? = 0
configure:3422: result: yes
configure:3564: checking for Fortran 77 compiler version
configure:3573: gfortran --version >&5
GNU Fortran (Ubuntu 7.5.0-3ubuntu1~18.04) 7.5.0
Copyright (C) 2017 Free Software Foundation, Inc.
This is free software; see the source for copying conditions.  There is NO
warranty; not even for MERCHANTABILITY or FITNESS FOR A PARTICULAR PURPOSE.

configure:3584: $? = 0
configure:3573: gfortran -v >&5
Using built-in specs.
COLLECT_GCC=gfortran
COLLECT_LTO_WRAPPER=/usr/lib/gcc/x86_64-linux-gnu/7/lto-wrapper
OFFLOAD_TARGET_NAMES=nvptx-none
OFFLOAD_TARGET_DEFAULT=1
Target: x86_64-linux-gnu
Configured with: ../src/configure -v --with-pkgversion='Ubuntu 7.5.0-3ubuntu1~18.04' --with-bugurl=file:///usr/share/doc/gcc-7/README.Bugs --enable-languages=c,ada,c++,go,brig,d,fortran,objc,obj-c++ --prefix=/usr --with-gcc-major-version-only --program-suffix=-7 --program-prefix=x86_64-linux-gnu- --enable-shared --enable-linker-build-id --libexecdir=/usr/lib --without-included-gettext --enable-threads=posix --libdir=/usr/lib --enable-nls --enable-bootstrap --enable-clocale=gnu --enable-libstdcxx-debug --enable-libstdcxx-time=yes --with-default-libstdcxx-abi=new --enable-gnu-unique-object --disable-vtable-verify --enable-libmpx --enable-plugin --enable-default-pie --with-system-zlib --with-target-system-zlib --enable-objc-gc=auto --enable-multiarch --disable-werror --with-arch-32=i686 --with-abi=m64 --with-multilib-list=m32,m64,mx32 --enable-multilib --with-tune=generic --enable-offload-targets=nvptx-none --without-cuda-driver --enable-checking=release --build=x86_64-linux-gnu --host=x86_64-linux-gnu --target=x86_64-linux-gnu
Thread model: posix
gcc version 7.5.0 (Ubuntu 7.5.0-3ubuntu1~18.04) 
configure:3584: $? = 0
configure:3573: gfortran -V >&5
gfortran: error: unrecognized command line option '-V'
gfortran: fatal error: no input files
compilation terminated.
configure:3584: $? = 1
configure:3573: gfortran -qversion >&5
gfortran: error: unrecognized command line option '-qversion'; did you mean '--version'?
gfortran: fatal error: no input files
compilation terminated.
configure:3584: $? = 1
configure:3593: checking whether we are using the GNU Fortran 77 compiler
configure:3606: gfortran -c -g -O2 conftest.F >&5
configure:3606: $? = 0
configure:3615: result: yes
configure:3621: checking whether gfortran accepts -g
configure:3632: gfortran -c -g conftest.f >&5
configure:3632: $? = 0
configure:3640: result: yes
configure:3717: checking for gcc
configure:3733: found /usr/bin/gcc
configure:3744: result: gcc
configure:3973: checking for C compiler version
configure:3982: gcc --version >&5
gcc (Ubuntu 7.5.0-3ubuntu1~18.04) 7.5.0
Copyright (C) 2017 Free Software Foundation, Inc.
This is free software; see the source for copying conditions.  There is NO
warranty; not even for MERCHANTABILITY or FITNESS FOR A PARTICULAR PURPOSE.

configure:3993: $? = 0
configure:3982: gcc -v >&5
Using built-in specs.
COLLECT_GCC=gcc
COLLECT_LTO_WRAPPER=/usr/lib/gcc/x86_64-linux-gnu/7/lto-wrapper
OFFLOAD_TARGET_NAMES=nvptx-none
OFFLOAD_TARGET_DEFAULT=1
Target: x86_64-linux-gnu
Configured with: ../src/configure -v --with-pkgversion='Ubuntu 7.5.0-3ubuntu1~18.04' --with-bugurl=file:///usr/share/doc/gcc-7/README.Bugs --enable-languages=c,ada,c++,go,brig,d,fortran,objc,obj-c++ --prefix=/usr --with-gcc-major-version-only --program-suffix=-7 --program-prefix=x86_64-linux-gnu- --enable-shared --enable-linker-build-id --libexecdir=/usr/lib --without-included-gettext --enable-threads=posix --libdir=/usr/lib --enable-nls --enable-bootstrap --enable-clocale=gnu --enable-libstdcxx-debug --enable-libstdcxx-time=yes --with-default-libstdcxx-abi=new --enable-gnu-unique-object --disable-vtable-verify --enable-libmpx --enable-plugin --enable-default-pie --with-system-zlib --with-target-system-zlib --enable-objc-gc=auto --enable-multiarch --disable-werror --with-arch-32=i686 --with-abi=m64 --with-multilib-list=m32,m64,mx32 --enable-multilib --with-tune=generic --enable-offload-targets=nvptx-none --without-cuda-driver --enable-checking=release --build=x86_64-linux-gnu --host=x86_64-linux-gnu --target=x86_64-linux-gnu
Thread model: posix
gcc version 7.5.0 (Ubuntu 7.5.0-3ubuntu1~18.04) 
configure:3993: $? = 0
configure:3982: gcc -V >&5
gcc: error: unrecognized command line option '-V'
gcc: fatal error: no input files
compilation terminated.
configure:3993: $? = 1
configure:3982: gcc -qversion >&5
gcc: error: unrecognized command line option '-qversion'; did you mean '--version'?
gcc: fatal error: no input files
compilation terminated.
configure:3993: $? = 1
configure:3997: checking whether we are using the GNU C compiler
configure:4016: gcc -c   conftest.c >&5
configure:4016: $? = 0
configure:4025: result: yes
configure:4034: checking whether gcc accepts -g
configure:4054: gcc -c -g  conftest.c >&5
configure:4054: $? = 0
configure:4095: result: yes
configure:4112: checking for gcc option to accept ISO C89
configure:4175: gcc  -c -g -O2  conftest.c >&5
configure:4175: $? = 0
configure:4188: result: none needed
configure:4213: checking whether gcc understands -c and -o together
configure:4235: gcc -c conftest.c -o conftest2.o
configure:4238: $? = 0
configure:4235: gcc -c conftest.c -o conftest2.o
configure:4238: $? = 0
configure:4250: result: yes
configure:4278: checking for style of include used by make
configure:4306: result: GNU
configure:4332: checking dependency style of gcc
configure:4443: result: none
configure:4487: checking build system type
configure:4501: result: x86_64-unknown-linux-gnu
configure:4521: checking host system type
configure:4534: result: x86_64-unknown-linux-gnu
configure:4575: checking how to print strings
configure:4602: result: printf
configure:4623: checking for a sed that does not truncate output
configure:4687: result: /bin/sed
configure:4705: checking for grep that handles long lines and -e
configure:4763: result: /bin/grep
configure:4768: checking for egrep
configure:4830: result: /bin/grep -E
configure:4835: checking for fgrep
configure:4897: result: /bin/grep -F
configure:4932: checking for ld used by gcc
configure:4999: result: /usr/bin/ld
configure:5006: checking if the linker (/usr/bin/ld) is GNU ld
configure:5021: result: yes
configure:5033: checking for BSD- or MS-compatible name lister (nm)
configure:5082: result: /usr/bin/nm -B
configure:5212: checking the name lister (/usr/bin/nm -B) interface
configure:5219: gcc -c -g -O2  conftest.c >&5
configure:5222: /usr/bin/nm -B "conftest.o"
configure:5225: output
0000000000000000 B some_variable
configure:5232: result: BSD nm
configure:5235: checking whether ln -s works
configure:5239: result: yes
configure:5247: checking the maximum length of command line arguments
configure:5378: result: 1572864
configure:5395: checking whether the shell understands some XSI constructs
configure:5405: result: yes
configure:5409: checking whether the shell understands "+="
configure:5415: result: yes
configure:5450: checking how to convert x86_64-unknown-linux-gnu file names to x86_64-unknown-linux-gnu format
configure:5490: result: func_convert_file_noop
configure:5497: checking how to convert x86_64-unknown-linux-gnu file names to toolchain format
configure:5517: result: func_convert_file_noop
configure:5524: checking for /usr/bin/ld option to reload object files
configure:5531: result: -r
configure:5605: checking for objdump
configure:5621: found /usr/bin/objdump
configure:5632: result: objdump
configure:5664: checking how to recognize dependent libraries
configure:5862: result: pass_all
configure:5947: checking for dlltool
configure:5977: result: no
configure:6007: checking how to associate runtime and link libraries
configure:6034: result: printf %s\n
configure:6095: checking for ar
configure:6111: found /usr/bin/ar
configure:6122: result: ar
configure:6159: checking for archiver @FILE support
configure:6176: gcc -c -g -O2  conftest.c >&5
configure:6176: $? = 0
configure:6179: ar cru libconftest.a @conftest.lst >&5
ar: `u' modifier ignored since `D' is the default (see `U')
configure:6182: $? = 0
configure:6187: ar cru libconftest.a @conftest.lst >&5
ar: `u' modifier ignored since `D' is the default (see `U')
ar: conftest.o: No such file or directory
configure:6190: $? = 1
configure:6202: result: @
configure:6260: checking for strip
configure:6276: found /usr/bin/strip
configure:6287: result: strip
configure:6359: checking for ranlib
configure:6375: found /usr/bin/ranlib
configure:6386: result: ranlib
configure:6488: checking command to parse /usr/bin/nm -B output from gcc object
configure:6608: gcc -c -g -O2  conftest.c >&5
configure:6611: $? = 0
configure:6615: /usr/bin/nm -B conftest.o \| sed -n -e 's/^.*[ ]\([ABCDGIRSTW][ABCDGIRSTW]*\)[ ][ ]*\([_A-Za-z][_A-Za-z0-9]*\)$/\1 \2 \2/p' | sed '/ __gnu_lto/d' \> conftest.nm
configure:6618: $? = 0
configure:6684: gcc -o conftest -g -O2   conftest.c conftstm.o >&5
configure:6687: $? = 0
configure:6725: result: ok
configure:6762: checking for sysroot
configure:6792: result: no
configure:6869: gcc -c -g -O2  conftest.c >&5
configure:6872: $? = 0
configure:7061: checking for mt
configure:7077: found /bin/mt
configure:7088: result: mt
configure:7111: checking if mt is a manifest tool
configure:7117: mt '-?'
configure:7125: result: no
configure:7767: checking how to run the C preprocessor
configure:7798: gcc -E  conftest.c
configure:7798: $? = 0
configure:7812: gcc -E  conftest.c
conftest.c:11:10: fatal error: ac_nonexistent.h: No such file or directory
 #include <ac_nonexistent.h>
          ^~~~~~~~~~~~~~~~~~
compilation terminated.
configure:7812: $? = 1
configure: failed program was:
| /* confdefs.h */
| #define PACKAGE_NAME "ma57"
| #define PACKAGE_TARNAME "ma57"
| #define PACKAGE_VERSION "3.10.0"
| #define PACKAGE_STRING "ma57 3.10.0"
| #define PACKAGE_BUGREPORT "hsl@stfc.ac.uk"
| #define PACKAGE_URL ""
| #define PACKAGE "ma57"
| #define VERSION "3.10.0"
| /* end confdefs.h.  */
| #include <ac_nonexistent.h>
configure:7837: result: gcc -E
configure:7857: gcc -E  conftest.c
configure:7857: $? = 0
configure:7871: gcc -E  conftest.c
conftest.c:11:10: fatal error: ac_nonexistent.h: No such file or directory
 #include <ac_nonexistent.h>
          ^~~~~~~~~~~~~~~~~~
compilation terminated.
configure:7871: $? = 1
configure: failed program was:
| /* confdefs.h */
| #define PACKAGE_NAME "ma57"
| #define PACKAGE_TARNAME "ma57"
| #define PACKAGE_VERSION "3.10.0"
| #define PACKAGE_STRING "ma57 3.10.0"
| #define PACKAGE_BUGREPORT "hsl@stfc.ac.uk"
| #define PACKAGE_URL ""
| #define PACKAGE "ma57"
| #define VERSION "3.10.0"
| /* end confdefs.h.  */
| #include <ac_nonexistent.h>
configure:7900: checking for ANSI C header files
configure:7920: gcc -c -g -O2  conftest.c >&5
configure:7920: $? = 0
configure:7993: gcc -o conftest -g -O2   conftest.c  >&5
configure:7993: $? = 0
configure:7993: ./conftest
configure:7993: $? = 0
configure:8004: result: yes
configure:8017: checking for sys/types.h
configure:8017: gcc -c -g -O2  conftest.c >&5
configure:8017: $? = 0
configure:8017: result: yes
configure:8017: checking for sys/stat.h
configure:8017: gcc -c -g -O2  conftest.c >&5
configure:8017: $? = 0
configure:8017: result: yes
configure:8017: checking for stdlib.h
configure:8017: gcc -c -g -O2  conftest.c >&5
configure:8017: $? = 0
configure:8017: result: yes
configure:8017: checking for string.h
configure:8017: gcc -c -g -O2  conftest.c >&5
configure:8017: $? = 0
configure:8017: result: yes
configure:8017: checking for memory.h
configure:8017: gcc -c -g -O2  conftest.c >&5
configure:8017: $? = 0
configure:8017: result: yes
configure:8017: checking for strings.h
configure:8017: gcc -c -g -O2  conftest.c >&5
configure:8017: $? = 0
configure:8017: result: yes
configure:8017: checking for inttypes.h
configure:8017: gcc -c -g -O2  conftest.c >&5
configure:8017: $? = 0
configure:8017: result: yes
configure:8017: checking for stdint.h
configure:8017: gcc -c -g -O2  conftest.c >&5
configure:8017: $? = 0
configure:8017: result: yes
configure:8017: checking for unistd.h
configure:8017: gcc -c -g -O2  conftest.c >&5
configure:8017: $? = 0
configure:8017: result: yes
configure:8031: checking for dlfcn.h
configure:8031: gcc -c -g -O2  conftest.c >&5
configure:8031: $? = 0
configure:8031: result: yes
configure:8249: checking for objdir
configure:8264: result: .libs
configure:8535: checking if gcc supports -fno-rtti -fno-exceptions
configure:8553: gcc -c -g -O2  -fno-rtti -fno-exceptions conftest.c >&5
cc1: warning: command line option '-fno-rtti' is valid for C++/ObjC++ but not for C
configure:8557: $? = 0
configure:8570: result: no
configure:8897: checking for gcc option to produce PIC
configure:8904: result: -fPIC -DPIC
configure:8912: checking if gcc PIC flag -fPIC -DPIC works
configure:8930: gcc -c -g -O2  -fPIC -DPIC -DPIC conftest.c >&5
configure:8934: $? = 0
configure:8947: result: yes
configure:8976: checking if gcc static flag -static works
configure:9004: result: yes
configure:9019: checking if gcc supports -c -o file.o
configure:9040: gcc -c -g -O2  -o out/conftest2.o conftest.c >&5
configure:9044: $? = 0
configure:9066: result: yes
configure:9074: checking if gcc supports -c -o file.o
configure:9121: result: yes
configure:9154: checking whether the gcc linker (/usr/bin/ld -m elf_x86_64) supports shared libraries
configure:10311: result: yes
configure:10348: checking whether -lc should be explicitly linked in
configure:10356: gcc -c -g -O2  conftest.c >&5
configure:10359: $? = 0
configure:10374: gcc -shared  -fPIC -DPIC conftest.o  -v -Wl,-soname -Wl,conftest -o conftest 2\>\&1 \| /bin/grep  -lc  \>/dev/null 2\>\&1
configure:10377: $? = 0
configure:10391: result: no
configure:10551: checking dynamic linker characteristics
configure:11051: gcc -o conftest -g -O2   -Wl,-rpath -Wl,/foo conftest.c  >&5
configure:11051: $? = 0
configure:11285: result: GNU/Linux ld.so
configure:11392: checking how to hardcode library paths into programs
configure:11417: result: immediate
configure:11957: checking whether stripping libraries is possible
configure:11962: result: yes
configure:11997: checking if libtool supports shared libraries
configure:11999: result: yes
configure:12002: checking whether to build shared libraries
configure:12023: result: yes
configure:12026: checking whether to build static libraries
configure:12030: result: yes
configure:12154: checking if libtool supports shared libraries
configure:12156: result: yes
configure:12159: checking whether to build shared libraries
configure:12179: result: yes
configure:12182: checking whether to build static libraries
configure:12186: result: yes
configure:12507: checking for gfortran option to produce PIC
configure:12514: result: -fPIC
configure:12522: checking if gfortran PIC flag -fPIC works
configure:12540: gfortran -c -g -O2 -fPIC conftest.f >&5
configure:12544: $? = 0
configure:12557: result: yes
configure:12580: checking if gfortran static flag -static works
configure:12608: result: yes
configure:12620: checking if gfortran supports -c -o file.o
configure:12641: gfortran -c -g -O2 -o out/conftest2.o conftest.f >&5
configure:12645: $? = 0
configure:12667: result: yes
configure:12672: checking if gfortran supports -c -o file.o
configure:12719: result: yes
configure:12749: checking whether the gfortran linker (/usr/bin/ld -m elf_x86_64) supports shared libraries
configure:13856: result: yes
configure:13997: checking dynamic linker characteristics
configure:14659: result: GNU/Linux ld.so
configure:14712: checking how to hardcode library paths into programs
configure:14737: result: immediate
configure:14881: checking if libtool supports shared libraries
configure:14883: result: yes
configure:14886: checking whether to build shared libraries
configure:14906: result: yes
configure:14909: checking whether to build static libraries
configure:14913: result: yes
configure:14947: gfortran -c -g -O2  conftest.f >&5
configure:14950: $? = 0
configure:15397: checking for gfortran option to produce PIC
configure:15404: result: -fPIC
configure:15412: checking if gfortran PIC flag -fPIC works
configure:15430: gfortran -c -g -O2 -fPIC  conftest.f >&5
configure:15434: $? = 0
configure:15447: result: yes
configure:15470: checking if gfortran static flag -static works
configure:15498: result: yes
configure:15510: checking if gfortran supports -c -o file.o
configure:15531: gfortran -c -g -O2 -o out/conftest2.o  conftest.f >&5
configure:15535: $? = 0
configure:15557: result: yes
configure:15562: checking if gfortran supports -c -o file.o
configure:15609: result: yes
configure:15639: checking whether the gfortran linker (/usr/bin/ld -m elf_x86_64) supports shared libraries
configure:16746: result: yes
configure:16887: checking dynamic linker characteristics
configure:17549: result: GNU/Linux ld.so
configure:17602: checking how to hardcode library paths into programs
configure:17627: result: immediate
configure:17683: checking how to get verbose linking output from gfortran
configure:17693: gfortran -c -g -O2  conftest.f >&5
configure:17693: $? = 0
configure:17711: gfortran -o conftest -g -O2 -v conftest.f
Using built-in specs.
Target: x86_64-linux-gnu
Thread model: posix
gcc version 7.5.0 (Ubuntu 7.5.0-3ubuntu1~18.04) 
 /usr/lib/gcc/x86_64-linux-gnu/7/f951 conftest.f -ffixed-form -quiet -dumpbase conftest.f -mtune=generic -march=x86-64 -auxbase conftest -g -O2 -version -fintrinsic-modules-path /usr/lib/gcc/x86_64-linux-gnu/7/finclude -o /tmp/cc9Ku7sb.s
GNU Fortran (Ubuntu 7.5.0-3ubuntu1~18.04) version 7.5.0 (x86_64-linux-gnu)
	compiled by GNU C version 7.5.0, GMP version 6.1.2, MPFR version 4.0.1, MPC version 1.1.0, isl version isl-0.19-GMP

GGC heuristics: --param ggc-min-expand=100 --param ggc-min-heapsize=131072
GNU Fortran2008 (Ubuntu 7.5.0-3ubuntu1~18.04) version 7.5.0 (x86_64-linux-gnu)
	compiled by GNU C version 7.5.0, GMP version 6.1.2, MPFR version 4.0.1, MPC version 1.1.0, isl version isl-0.19-GMP

GGC heuristics: --param ggc-min-expand=100 --param ggc-min-heapsize=131072
 as -v --64 -o /tmp/cc3kWYZi.o /tmp/cc9Ku7sb.s
GNU assembler version 2.30 (x86_64-linux-gnu) using BFD version (GNU Binutils for Ubuntu) 2.30
Reading specs from /usr/lib/gcc/x86_64-linux-gnu/7/libgfortran.spec
rename spec lib to liborig
 /usr/lib/gcc/x86_64-linux-gnu/7/collect2 -plugin /usr/lib/gcc/x86_64-linux-gnu/7/liblto_plugin.so -plugin-opt=/usr/lib/gcc/x86_64-linux-gnu/7/lto-wrapper -plugin-opt=-fresolution=/tmp/cc169Exq.res -plugin-opt=-pass-through=-lgcc_s -plugin-opt=-pass-through=-lgcc -plugin-opt=-pass-through=-lquadmath -plugin-opt=-pass-through=-lm -plugin-opt=-pass-through=-lgcc_s -plugin-opt=-pass-through=-lgcc -plugin-opt=-pass-through=-lc -plugin-opt=-pass-through=-lgcc_s -plugin-opt=-pass-through=-lgcc --build-id --eh-frame-hdr -m elf_x86_64 --hash-style=gnu --as-needed -dynamic-linker /lib64/ld-linux-x86-64.so.2 -pie -z now -z relro -o conftest /usr/lib/gcc/x86_64-linux-gnu/7/../../../x86_64-linux-gnu/Scrt1.o /usr/lib/gcc/x86_64-linux-gnu/7/../../../x86_64-linux-gnu/crti.o /usr/lib/gcc/x86_64-linux-gnu/7/crtbeginS.o -L/usr/lib/gcc/x86_64-linux-gnu/7 -L/usr/lib/gcc/x86_64-linux-gnu/7/../../../x86_64-linux-gnu -L/usr/lib/gcc/x86_64-linux-gnu/7/../../../../lib -L/lib/x86_64-linux-gnu -L/lib/../lib -L/usr/lib/x86_64-linux-gnu -L/usr/lib/../lib -L/usr/lib/gcc/x86_64-linux-gnu/7/../../.. /tmp/cc3kWYZi.o -lgfortran -lm -lgcc_s -lgcc -lquadmath -lm -lgcc_s -lgcc -lc -lgcc_s -lgcc /usr/lib/gcc/x86_64-linux-gnu/7/crtendS.o /usr/lib/gcc/x86_64-linux-gnu/7/../../../x86_64-linux-gnu/crtn.o
configure:17794: result: -v
configure:17796: checking for Fortran libraries of gfortran
configure:17819: gfortran -o conftest -g -O2 -v conftest.f
Using built-in specs.
Target: x86_64-linux-gnu
Thread model: posix
gcc version 7.5.0 (Ubuntu 7.5.0-3ubuntu1~18.04) 
 /usr/lib/gcc/x86_64-linux-gnu/7/f951 conftest.f -ffixed-form -quiet -dumpbase conftest.f -mtune=generic -march=x86-64 -auxbase conftest -g -O2 -version -fintrinsic-modules-path /usr/lib/gcc/x86_64-linux-gnu/7/finclude -o /tmp/cc5UjT1f.s
GNU Fortran (Ubuntu 7.5.0-3ubuntu1~18.04) version 7.5.0 (x86_64-linux-gnu)
	compiled by GNU C version 7.5.0, GMP version 6.1.2, MPFR version 4.0.1, MPC version 1.1.0, isl version isl-0.19-GMP

GGC heuristics: --param ggc-min-expand=100 --param ggc-min-heapsize=131072
GNU Fortran2008 (Ubuntu 7.5.0-3ubuntu1~18.04) version 7.5.0 (x86_64-linux-gnu)
	compiled by GNU C version 7.5.0, GMP version 6.1.2, MPFR version 4.0.1, MPC version 1.1.0, isl version isl-0.19-GMP

GGC heuristics: --param ggc-min-expand=100 --param ggc-min-heapsize=131072
 as -v --64 -o /tmp/ccKnROIn.o /tmp/cc5UjT1f.s
GNU assembler version 2.30 (x86_64-linux-gnu) using BFD version (GNU Binutils for Ubuntu) 2.30
Reading specs from /usr/lib/gcc/x86_64-linux-gnu/7/libgfortran.spec
rename spec lib to liborig
 /usr/lib/gcc/x86_64-linux-gnu/7/collect2 -plugin /usr/lib/gcc/x86_64-linux-gnu/7/liblto_plugin.so -plugin-opt=/usr/lib/gcc/x86_64-linux-gnu/7/lto-wrapper -plugin-opt=-fresolution=/tmp/cc2znBqv.res -plugin-opt=-pass-through=-lgcc_s -plugin-opt=-pass-through=-lgcc -plugin-opt=-pass-through=-lquadmath -plugin-opt=-pass-through=-lm -plugin-opt=-pass-through=-lgcc_s -plugin-opt=-pass-through=-lgcc -plugin-opt=-pass-through=-lc -plugin-opt=-pass-through=-lgcc_s -plugin-opt=-pass-through=-lgcc --build-id --eh-frame-hdr -m elf_x86_64 --hash-style=gnu --as-needed -dynamic-linker /lib64/ld-linux-x86-64.so.2 -pie -z now -z relro -o conftest /usr/lib/gcc/x86_64-linux-gnu/7/../../../x86_64-linux-gnu/Scrt1.o /usr/lib/gcc/x86_64-linux-gnu/7/../../../x86_64-linux-gnu/crti.o /usr/lib/gcc/x86_64-linux-gnu/7/crtbeginS.o -L/usr/lib/gcc/x86_64-linux-gnu/7 -L/usr/lib/gcc/x86_64-linux-gnu/7/../../../x86_64-linux-gnu -L/usr/lib/gcc/x86_64-linux-gnu/7/../../../../lib -L/lib/x86_64-linux-gnu -L/lib/../lib -L/usr/lib/x86_64-linux-gnu -L/usr/lib/../lib -L/usr/lib/gcc/x86_64-linux-gnu/7/../../.. /tmp/ccKnROIn.o -lgfortran -lm -lgcc_s -lgcc -lquadmath -lm -lgcc_s -lgcc -lc -lgcc_s -lgcc /usr/lib/gcc/x86_64-linux-gnu/7/crtendS.o /usr/lib/gcc/x86_64-linux-gnu/7/../../../x86_64-linux-gnu/crtn.o
configure:18015: result:  -L/usr/lib/gcc/x86_64-linux-gnu/7 -L/usr/lib/gcc/x86_64-linux-gnu/7/../../../x86_64-linux-gnu -L/usr/lib/gcc/x86_64-linux-gnu/7/../../../../lib -L/lib/x86_64-linux-gnu -L/lib/../lib -L/usr/lib/x86_64-linux-gnu -L/usr/lib/../lib -L/usr/lib/gcc/x86_64-linux-gnu/7/../../.. -lgfortran -lm -lquadmath
configure:18029: checking fortran 90 modules inclusion flag
configure:18054: gfortran -c -g -O2  conftest.f >&5
conftest.f:1:1:

 module conftest_module
 1
Error: Non-numeric character in statement label at (1)
conftest.f:1:1:

 module conftest_module
 1
Error: Unclassifiable statement at (1)
conftest.f:2:4:

    contains
    1
Error: Non-numeric character in statement label at (1)
conftest.f:2:4:

    contains
    1
Error: Unclassifiable statement at (1)
conftest.f:3:4:

    subroutine conftest_routine
    1
Error: Non-numeric character in statement label at (1)
conftest.f:3:4:

    subroutine conftest_routine
    1
Error: Unclassifiable statement at (1)
conftest.f:4:4:

    write(*,'(a)') 'gotcha!'
    1
Error: Non-numeric character in statement label at (1)
conftest.f:4:4:

    write(*,'(a)') 'gotcha!'
    1
Error: Unclassifiable statement at (1)
conftest.f:5:4:

    end subroutine conftest_routine
    1
Error: Non-numeric character in statement label at (1)
conftest.f:5:4:

    end subroutine conftest_routine
    1
Error: Unclassifiable statement at (1)
conftest.f:6:4:

    end module conftest_module
    1
Error: Non-numeric character in statement label at (1)
conftest.f:6:4:

    end module conftest_module
    1
Error: Unclassifiable statement at (1)
configure:18054: $? = 1
configure: failed program was:
| module conftest_module
|    contains
|    subroutine conftest_routine
|    write(*,'(a)') 'gotcha!'
|    end subroutine conftest_routine
|    end module conftest_module
| 
configure:18071: gfortran -c -g -O2 -I tmpdir_0  conftest.f >&5
conftest.f:1:1:

 program conftest_program
 1
Error: Non-numeric character in statement label at (1)
conftest.f:1:1:

 program conftest_program
 1
Error: Unclassifiable statement at (1)
conftest.f:2:10:

        use conftest_module
          1
Fatal Error: Can't open module file 'conftest_module.mod' for reading at (1): No such file or directory
compilation terminated.
configure:18071: $? = 1
configure: failed program was:
| program conftest_program
|        use conftest_module
|        call conftest_routine
|        end program conftest_program
| 
configure:18071: gfortran -c -g -O2 -Mtmpdir_0  conftest.f >&5
gfortran: error: unrecognized command line option '-Mtmpdir_0'; did you mean '-dumpdir'?
configure:18071: $? = 1
configure: failed program was:
| program conftest_program
|        use conftest_module
|        call conftest_routine
|        end program conftest_program
| 
configure:18071: gfortran -c -g -O2 -ptmpdir_0  conftest.f >&5
gfortran: error: unrecognized command line option '-ptmpdir_0'; did you mean '-dumpdir'?
configure:18071: $? = 1
configure: failed program was:
| program conftest_program
|        use conftest_module
|        call conftest_routine
|        end program conftest_program
| 
configure:18090: result: not found
configure:18095: checking windows.h usability
configure:18095: gcc -c -g -O2  conftest.c >&5
conftest.c:56:10: fatal error: windows.h: No such file or directory
 #include <windows.h>
          ^~~~~~~~~~~
compilation terminated.
configure:18095: $? = 1
configure: failed program was:
| /* confdefs.h */
| #define PACKAGE_NAME "ma57"
| #define PACKAGE_TARNAME "ma57"
| #define PACKAGE_VERSION "3.10.0"
| #define PACKAGE_STRING "ma57 3.10.0"
| #define PACKAGE_BUGREPORT "hsl@stfc.ac.uk"
| #define PACKAGE_URL ""
| #define PACKAGE "ma57"
| #define VERSION "3.10.0"
| #define STDC_HEADERS 1
| #define HAVE_SYS_TYPES_H 1
| #define HAVE_SYS_STAT_H 1
| #define HAVE_STDLIB_H 1
| #define HAVE_STRING_H 1
| #define HAVE_MEMORY_H 1
| #define HAVE_STRINGS_H 1
| #define HAVE_INTTYPES_H 1
| #define HAVE_STDINT_H 1
| #define HAVE_UNISTD_H 1
| #define HAVE_DLFCN_H 1
| #define LT_OBJDIR ".libs/"
| /* end confdefs.h.  */
| #include <stdio.h>
| #ifdef HAVE_SYS_TYPES_H
| # include <sys/types.h>
| #endif
| #ifdef HAVE_SYS_STAT_H
| # include <sys/stat.h>
| #endif
| #ifdef STDC_HEADERS
| # include <stdlib.h>
| # include <stddef.h>
| #else
| # ifdef HAVE_STDLIB_H
| #  include <stdlib.h>
| # endif
| #endif
| #ifdef HAVE_STRING_H
| # if !defined STDC_HEADERS && defined HAVE_MEMORY_H
| #  include <memory.h>
| # endif
| # include <string.h>
| #endif
| #ifdef HAVE_STRINGS_H
| # include <strings.h>
| #endif
| #ifdef HAVE_INTTYPES_H
| # include <inttypes.h>
| #endif
| #ifdef HAVE_STDINT_H
| # include <stdint.h>
| #endif
| #ifdef HAVE_UNISTD_H
| # include <unistd.h>
| #endif
| #include <windows.h>
configure:18095: result: no
configure:18095: checking windows.h presence
configure:18095: gcc -E  conftest.c
conftest.c:23:10: fatal error: windows.h: No such file or directory
 #include <windows.h>
          ^~~~~~~~~~~
compilation terminated.
configure:18095: $? = 1
configure: failed program was:
| /* confdefs.h */
| #define PACKAGE_NAME "ma57"
| #define PACKAGE_TARNAME "ma57"
| #define PACKAGE_VERSION "3.10.0"
| #define PACKAGE_STRING "ma57 3.10.0"
| #define PACKAGE_BUGREPORT "hsl@stfc.ac.uk"
| #define PACKAGE_URL ""
| #define PACKAGE "ma57"
| #define VERSION "3.10.0"
| #define STDC_HEADERS 1
| #define HAVE_SYS_TYPES_H 1
| #define HAVE_SYS_STAT_H 1
| #define HAVE_STDLIB_H 1
| #define HAVE_STRING_H 1
| #define HAVE_MEMORY_H 1
| #define HAVE_STRINGS_H 1
| #define HAVE_INTTYPES_H 1
| #define HAVE_STDINT_H 1
| #define HAVE_UNISTD_H 1
| #define HAVE_DLFCN_H 1
| #define LT_OBJDIR ".libs/"
| /* end confdefs.h.  */
| #include <windows.h>
configure:18095: result: no
configure:18095: checking for windows.h
configure:18095: result: no
configure:18119: checking how to get verbose linking output from gfortran
configure:18129: gfortran -c -g -O2 conftest.f >&5
configure:18129: $? = 0
configure:18147: gfortran -o conftest -g -O2 -v conftest.f
Using built-in specs.
Target: x86_64-linux-gnu
Thread model: posix
gcc version 7.5.0 (Ubuntu 7.5.0-3ubuntu1~18.04) 
 /usr/lib/gcc/x86_64-linux-gnu/7/f951 conftest.f -ffixed-form -quiet -dumpbase conftest.f -mtune=generic -march=x86-64 -auxbase conftest -g -O2 -version -fintrinsic-modules-path /usr/lib/gcc/x86_64-linux-gnu/7/finclude -o /tmp/cciQHDgl.s
GNU Fortran (Ubuntu 7.5.0-3ubuntu1~18.04) version 7.5.0 (x86_64-linux-gnu)
	compiled by GNU C version 7.5.0, GMP version 6.1.2, MPFR version 4.0.1, MPC version 1.1.0, isl version isl-0.19-GMP

GGC heuristics: --param ggc-min-expand=100 --param ggc-min-heapsize=131072
GNU Fortran2008 (Ubuntu 7.5.0-3ubuntu1~18.04) version 7.5.0 (x86_64-linux-gnu)
	compiled by GNU C version 7.5.0, GMP version 6.1.2, MPFR version 4.0.1, MPC version 1.1.0, isl version isl-0.19-GMP

GGC heuristics: --param ggc-min-expand=100 --param ggc-min-heapsize=131072
 as -v --64 -o /tmp/ccNQkgIt.o /tmp/cciQHDgl.s
GNU assembler version 2.30 (x86_64-linux-gnu) using BFD version (GNU Binutils for Ubuntu) 2.30
Reading specs from /usr/lib/gcc/x86_64-linux-gnu/7/libgfortran.spec
rename spec lib to liborig
 /usr/lib/gcc/x86_64-linux-gnu/7/collect2 -plugin /usr/lib/gcc/x86_64-linux-gnu/7/liblto_plugin.so -plugin-opt=/usr/lib/gcc/x86_64-linux-gnu/7/lto-wrapper -plugin-opt=-fresolution=/tmp/ccXFhhbC.res -plugin-opt=-pass-through=-lgcc_s -plugin-opt=-pass-through=-lgcc -plugin-opt=-pass-through=-lquadmath -plugin-opt=-pass-through=-lm -plugin-opt=-pass-through=-lgcc_s -plugin-opt=-pass-through=-lgcc -plugin-opt=-pass-through=-lc -plugin-opt=-pass-through=-lgcc_s -plugin-opt=-pass-through=-lgcc --build-id --eh-frame-hdr -m elf_x86_64 --hash-style=gnu --as-needed -dynamic-linker /lib64/ld-linux-x86-64.so.2 -pie -z now -z relro -o conftest /usr/lib/gcc/x86_64-linux-gnu/7/../../../x86_64-linux-gnu/Scrt1.o /usr/lib/gcc/x86_64-linux-gnu/7/../../../x86_64-linux-gnu/crti.o /usr/lib/gcc/x86_64-linux-gnu/7/crtbeginS.o -L/usr/lib/gcc/x86_64-linux-gnu/7 -L/usr/lib/gcc/x86_64-linux-gnu/7/../../../x86_64-linux-gnu -L/usr/lib/gcc/x86_64-linux-gnu/7/../../../../lib -L/lib/x86_64-linux-gnu -L/lib/../lib -L/usr/lib/x86_64-linux-gnu -L/usr/lib/../lib -L/usr/lib/gcc/x86_64-linux-gnu/7/../../.. /tmp/ccNQkgIt.o -lgfortran -lm -lgcc_s -lgcc -lquadmath -lm -lgcc_s -lgcc -lc -lgcc_s -lgcc /usr/lib/gcc/x86_64-linux-gnu/7/crtendS.o /usr/lib/gcc/x86_64-linux-gnu/7/../../../x86_64-linux-gnu/crtn.o
configure:18230: result: -v
configure:18232: checking for Fortran 77 libraries of gfortran
configure:18255: gfortran -o conftest -g -O2 -v conftest.f
Using built-in specs.
Target: x86_64-linux-gnu
Thread model: posix
gcc version 7.5.0 (Ubuntu 7.5.0-3ubuntu1~18.04) 
 /usr/lib/gcc/x86_64-linux-gnu/7/f951 conftest.f -ffixed-form -quiet -dumpbase conftest.f -mtune=generic -march=x86-64 -auxbase conftest -g -O2 -version -fintrinsic-modules-path /usr/lib/gcc/x86_64-linux-gnu/7/finclude -o /tmp/ccgee7Hr.s
GNU Fortran (Ubuntu 7.5.0-3ubuntu1~18.04) version 7.5.0 (x86_64-linux-gnu)
	compiled by GNU C version 7.5.0, GMP version 6.1.2, MPFR version 4.0.1, MPC version 1.1.0, isl version isl-0.19-GMP

GGC heuristics: --param ggc-min-expand=100 --param ggc-min-heapsize=131072
GNU Fortran2008 (Ubuntu 7.5.0-3ubuntu1~18.04) version 7.5.0 (x86_64-linux-gnu)
	compiled by GNU C version 7.5.0, GMP version 6.1.2, MPFR version 4.0.1, MPC version 1.1.0, isl version isl-0.19-GMP

GGC heuristics: --param ggc-min-expand=100 --param ggc-min-heapsize=131072
 as -v --64 -o /tmp/cc06xjkA.o /tmp/ccgee7Hr.s
GNU assembler version 2.30 (x86_64-linux-gnu) using BFD version (GNU Binutils for Ubuntu) 2.30
Reading specs from /usr/lib/gcc/x86_64-linux-gnu/7/libgfortran.spec
rename spec lib to liborig
 /usr/lib/gcc/x86_64-linux-gnu/7/collect2 -plugin /usr/lib/gcc/x86_64-linux-gnu/7/liblto_plugin.so -plugin-opt=/usr/lib/gcc/x86_64-linux-gnu/7/lto-wrapper -plugin-opt=-fresolution=/tmp/cc9aaCXI.res -plugin-opt=-pass-through=-lgcc_s -plugin-opt=-pass-through=-lgcc -plugin-opt=-pass-through=-lquadmath -plugin-opt=-pass-through=-lm -plugin-opt=-pass-through=-lgcc_s -plugin-opt=-pass-through=-lgcc -plugin-opt=-pass-through=-lc -plugin-opt=-pass-through=-lgcc_s -plugin-opt=-pass-through=-lgcc --build-id --eh-frame-hdr -m elf_x86_64 --hash-style=gnu --as-needed -dynamic-linker /lib64/ld-linux-x86-64.so.2 -pie -z now -z relro -o conftest /usr/lib/gcc/x86_64-linux-gnu/7/../../../x86_64-linux-gnu/Scrt1.o /usr/lib/gcc/x86_64-linux-gnu/7/../../../x86_64-linux-gnu/crti.o /usr/lib/gcc/x86_64-linux-gnu/7/crtbeginS.o -L/usr/lib/gcc/x86_64-linux-gnu/7 -L/usr/lib/gcc/x86_64-linux-gnu/7/../../../x86_64-linux-gnu -L/usr/lib/gcc/x86_64-linux-gnu/7/../../../../lib -L/lib/x86_64-linux-gnu -L/lib/../lib -L/usr/lib/x86_64-linux-gnu -L/usr/lib/../lib -L/usr/lib/gcc/x86_64-linux-gnu/7/../../.. /tmp/cc06xjkA.o -lgfortran -lm -lgcc_s -lgcc -lquadmath -lm -lgcc_s -lgcc -lc -lgcc_s -lgcc /usr/lib/gcc/x86_64-linux-gnu/7/crtendS.o /usr/lib/gcc/x86_64-linux-gnu/7/../../../x86_64-linux-gnu/crtn.o
configure:18451: result:  -L/usr/lib/gcc/x86_64-linux-gnu/7 -L/usr/lib/gcc/x86_64-linux-gnu/7/../../../x86_64-linux-gnu -L/usr/lib/gcc/x86_64-linux-gnu/7/../../../../lib -L/lib/x86_64-linux-gnu -L/lib/../lib -L/usr/lib/x86_64-linux-gnu -L/usr/lib/../lib -L/usr/lib/gcc/x86_64-linux-gnu/7/../../.. -lgfortran -lm -lquadmath
configure:18467: checking for dummy main to link with Fortran 77 libraries
configure:18501: gcc -o conftest -g -O2   conftest.c   -L/usr/lib/gcc/x86_64-linux-gnu/7 -L/usr/lib/gcc/x86_64-linux-gnu/7/../../../x86_64-linux-gnu -L/usr/lib/gcc/x86_64-linux-gnu/7/../../../../lib -L/lib/x86_64-linux-gnu -L/lib/../lib -L/usr/lib/x86_64-linux-gnu -L/usr/lib/../lib -L/usr/lib/gcc/x86_64-linux-gnu/7/../../.. -lgfortran -lm -lquadmath >&5
configure:18501: $? = 0
configure:18546: result: none
configure:18579: checking for Fortran 77 name-mangling scheme
configure:18592: gfortran -c -g -O2 conftest.f >&5
configure:18592: $? = 0
configure:18633: gcc -o conftest -g -O2   conftest.c cfortran_test.o   -L/usr/lib/gcc/x86_64-linux-gnu/7 -L/usr/lib/gcc/x86_64-linux-gnu/7/../../../x86_64-linux-gnu -L/usr/lib/gcc/x86_64-linux-gnu/7/../../../../lib -L/lib/x86_64-linux-gnu -L/lib/../lib -L/usr/lib/x86_64-linux-gnu -L/usr/lib/../lib -L/usr/lib/gcc/x86_64-linux-gnu/7/../../.. -lgfortran -lm -lquadmath >&5
/tmp/cc5etT3M.o: In function `main':
/home/hdang/Schreibtisch/HiWiSport/ma57-3.10.0/conftest.c:42: undefined reference to `foobar'
collect2: error: ld returned 1 exit status
configure:18633: $? = 1
configure: failed program was:
| /* confdefs.h */
| #define PACKAGE_NAME "ma57"
| #define PACKAGE_TARNAME "ma57"
| #define PACKAGE_VERSION "3.10.0"
| #define PACKAGE_STRING "ma57 3.10.0"
| #define PACKAGE_BUGREPORT "hsl@stfc.ac.uk"
| #define PACKAGE_URL ""
| #define PACKAGE "ma57"
| #define VERSION "3.10.0"
| #define STDC_HEADERS 1
| #define HAVE_SYS_TYPES_H 1
| #define HAVE_SYS_STAT_H 1
| #define HAVE_STDLIB_H 1
| #define HAVE_STRING_H 1
| #define HAVE_MEMORY_H 1
| #define HAVE_STRINGS_H 1
| #define HAVE_INTTYPES_H 1
| #define HAVE_STDINT_H 1
| #define HAVE_UNISTD_H 1
| #define HAVE_DLFCN_H 1
| #define LT_OBJDIR ".libs/"
| /* end confdefs.h.  */
| 
| /* Override any GCC internal prototype to avoid an error.
|    Use char because int might match the return type of a GCC
|    builtin and then its argument prototype would still apply.  */
| #ifdef __cplusplus
| extern "C"
| #endif
| char foobar ();
| #ifdef F77_DUMMY_MAIN
| 
| #  ifdef __cplusplus
|      extern "C"
| #  endif
|    int F77_DUMMY_MAIN() { return 1; }
| 
| #endif
| int
| main ()
| {
| return foobar ();
|   ;
|   return 0;
| }
configure:18633: gcc -o conftest -g -O2   conftest.c cfortran_test.o   -L/usr/lib/gcc/x86_64-linux-gnu/7 -L/usr/lib/gcc/x86_64-linux-gnu/7/../../../x86_64-linux-gnu -L/usr/lib/gcc/x86_64-linux-gnu/7/../../../../lib -L/lib/x86_64-linux-gnu -L/lib/../lib -L/usr/lib/x86_64-linux-gnu -L/usr/lib/../lib -L/usr/lib/gcc/x86_64-linux-gnu/7/../../.. -lgfortran -lm -lquadmath >&5
configure:18633: $? = 0
configure:18691: gcc -o conftest -g -O2   conftest.c cfortran_test.o   -L/usr/lib/gcc/x86_64-linux-gnu/7 -L/usr/lib/gcc/x86_64-linux-gnu/7/../../../x86_64-linux-gnu -L/usr/lib/gcc/x86_64-linux-gnu/7/../../../../lib -L/lib/x86_64-linux-gnu -L/lib/../lib -L/usr/lib/x86_64-linux-gnu -L/usr/lib/../lib -L/usr/lib/gcc/x86_64-linux-gnu/7/../../.. -lgfortran -lm -lquadmath >&5
configure:18691: $? = 0
configure:18733: result: lower case, underscore, no extra underscore
configure:18852: checking for sgemm_
configure:18852: gcc -o conftest -g -O2   conftest.c   -L/usr/lib/gcc/x86_64-linux-gnu/7 -L/usr/lib/gcc/x86_64-linux-gnu/7/../../../x86_64-linux-gnu -L/usr/lib/gcc/x86_64-linux-gnu/7/../../../../lib -L/lib/x86_64-linux-gnu -L/lib/../lib -L/usr/lib/x86_64-linux-gnu -L/usr/lib/../lib -L/usr/lib/gcc/x86_64-linux-gnu/7/../../.. -lgfortran -lm -lquadmath >&5
/tmp/ccRQlQxT.o: In function `main':
/home/hdang/Schreibtisch/HiWiSport/ma57-3.10.0/conftest.c:57: undefined reference to `sgemm_'
collect2: error: ld returned 1 exit status
configure:18852: $? = 1
configure: failed program was:
| /* confdefs.h */
| #define PACKAGE_NAME "ma57"
| #define PACKAGE_TARNAME "ma57"
| #define PACKAGE_VERSION "3.10.0"
| #define PACKAGE_STRING "ma57 3.10.0"
| #define PACKAGE_BUGREPORT "hsl@stfc.ac.uk"
| #define PACKAGE_URL ""
| #define PACKAGE "ma57"
| #define VERSION "3.10.0"
| #define STDC_HEADERS 1
| #define HAVE_SYS_TYPES_H 1
| #define HAVE_SYS_STAT_H 1
| #define HAVE_STDLIB_H 1
| #define HAVE_STRING_H 1
| #define HAVE_MEMORY_H 1
| #define HAVE_STRINGS_H 1
| #define HAVE_INTTYPES_H 1
| #define HAVE_STDINT_H 1
| #define HAVE_UNISTD_H 1
| #define HAVE_DLFCN_H 1
| #define LT_OBJDIR ".libs/"
| /* end confdefs.h.  */
| /* Define sgemm_ to an innocuous variant, in case <limits.h> declares sgemm_.
|    For example, HP-UX 11i <limits.h> declares gettimeofday.  */
| #define sgemm_ innocuous_sgemm_
| 
| /* System header to define __stub macros and hopefully few prototypes,
|     which can conflict with char sgemm_ (); below.
|     Prefer <limits.h> to <assert.h> if __STDC__ is defined, since
|     <limits.h> exists even on freestanding compilers.  */
| 
| #ifdef __STDC__
| # include <limits.h>
| #else
| # include <assert.h>
| #endif
| 
| #undef sgemm_
| 
| /* Override any GCC internal prototype to avoid an error.
|    Use char because int might match the return type of a GCC
|    builtin and then its argument prototype would still apply.  */
| #ifdef __cplusplus
| extern "C"
| #endif
| char sgemm_ ();
| /* The GNU C library defines this for functions which it implements
|     to always fail with ENOSYS.  Some functions are actually named
|     something starting with __ and the normal name is an alias.  */
| #if defined __stub_sgemm_ || defined __stub___sgemm_
| choke me
| #endif
| 
| int
| main ()
| {
| return sgemm_ ();
|   ;
|   return 0;
| }
configure:18852: result: no
configure:18862: checking for ATL_xerbla in -latlas
configure:18895: gcc -o conftest -g -O2   conftest.c -latlas    -L/usr/lib/gcc/x86_64-linux-gnu/7 -L/usr/lib/gcc/x86_64-linux-gnu/7/../../../x86_64-linux-gnu -L/usr/lib/gcc/x86_64-linux-gnu/7/../../../../lib -L/lib/x86_64-linux-gnu -L/lib/../lib -L/usr/lib/x86_64-linux-gnu -L/usr/lib/../lib -L/usr/lib/gcc/x86_64-linux-gnu/7/../../.. -lgfortran -lm -lquadmath >&5
/usr/bin/ld: cannot find -latlas
collect2: error: ld returned 1 exit status
configure:18895: $? = 1
configure: failed program was:
| /* confdefs.h */
| #define PACKAGE_NAME "ma57"
| #define PACKAGE_TARNAME "ma57"
| #define PACKAGE_VERSION "3.10.0"
| #define PACKAGE_STRING "ma57 3.10.0"
| #define PACKAGE_BUGREPORT "hsl@stfc.ac.uk"
| #define PACKAGE_URL ""
| #define PACKAGE "ma57"
| #define VERSION "3.10.0"
| #define STDC_HEADERS 1
| #define HAVE_SYS_TYPES_H 1
| #define HAVE_SYS_STAT_H 1
| #define HAVE_STDLIB_H 1
| #define HAVE_STRING_H 1
| #define HAVE_MEMORY_H 1
| #define HAVE_STRINGS_H 1
| #define HAVE_INTTYPES_H 1
| #define HAVE_STDINT_H 1
| #define HAVE_UNISTD_H 1
| #define HAVE_DLFCN_H 1
| #define LT_OBJDIR ".libs/"
| /* end confdefs.h.  */
| 
| /* Override any GCC internal prototype to avoid an error.
|    Use char because int might match the return type of a GCC
|    builtin and then its argument prototype would still apply.  */
| #ifdef __cplusplus
| extern "C"
| #endif
| char ATL_xerbla ();
| #ifdef F77_DUMMY_MAIN
| 
| #  ifdef __cplusplus
|      extern "C"
| #  endif
|    int F77_DUMMY_MAIN() { return 1; }
| 
| #endif
| int
| main ()
| {
| return ATL_xerbla ();
|   ;
|   return 0;
| }
configure:18904: result: no
configure:19012: checking for sgemm_ in -lblas
configure:19045: gcc -o conftest -g -O2   conftest.c -lblas    -L/usr/lib/gcc/x86_64-linux-gnu/7 -L/usr/lib/gcc/x86_64-linux-gnu/7/../../../x86_64-linux-gnu -L/usr/lib/gcc/x86_64-linux-gnu/7/../../../../lib -L/lib/x86_64-linux-gnu -L/lib/../lib -L/usr/lib/x86_64-linux-gnu -L/usr/lib/../lib -L/usr/lib/gcc/x86_64-linux-gnu/7/../../.. -lgfortran -lm -lquadmath >&5
configure:19045: $? = 0
configure:19055: result: yes
configure:19059: checking for dgemm_ in -ldgemm
configure:19092: gcc -o conftest -g -O2   conftest.c -ldgemm -lblas   -L/usr/lib/gcc/x86_64-linux-gnu/7 -L/usr/lib/gcc/x86_64-linux-gnu/7/../../../x86_64-linux-gnu -L/usr/lib/gcc/x86_64-linux-gnu/7/../../../../lib -L/lib/x86_64-linux-gnu -L/lib/../lib -L/usr/lib/x86_64-linux-gnu -L/usr/lib/../lib -L/usr/lib/gcc/x86_64-linux-gnu/7/../../.. -lgfortran -lm -lquadmath >&5
/usr/bin/ld: cannot find -ldgemm
collect2: error: ld returned 1 exit status
configure:19092: $? = 1
configure: failed program was:
| /* confdefs.h */
| #define PACKAGE_NAME "ma57"
| #define PACKAGE_TARNAME "ma57"
| #define PACKAGE_VERSION "3.10.0"
| #define PACKAGE_STRING "ma57 3.10.0"
| #define PACKAGE_BUGREPORT "hsl@stfc.ac.uk"
| #define PACKAGE_URL ""
| #define PACKAGE "ma57"
| #define VERSION "3.10.0"
| #define STDC_HEADERS 1
| #define HAVE_SYS_TYPES_H 1
| #define HAVE_SYS_STAT_H 1
| #define HAVE_STDLIB_H 1
| #define HAVE_STRING_H 1
| #define HAVE_MEMORY_H 1
| #define HAVE_STRINGS_H 1
| #define HAVE_INTTYPES_H 1
| #define HAVE_STDINT_H 1
| #define HAVE_UNISTD_H 1
| #define HAVE_DLFCN_H 1
| #define LT_OBJDIR ".libs/"
| /* end confdefs.h.  */
| 
| /* Override any GCC internal prototype to avoid an error.
|    Use char because int might match the return type of a GCC
|    builtin and then its argument prototype would still apply.  */
| #ifdef __cplusplus
| extern "C"
| #endif
| char dgemm_ ();
| #ifdef F77_DUMMY_MAIN
| 
| #  ifdef __cplusplus
|      extern "C"
| #  endif
|    int F77_DUMMY_MAIN() { return 1; }
| 
| #endif
| int
| main ()
| {
| return dgemm_ ();
|   ;
|   return 0;
| }
configure:19102: result: no
configure:19164: checking for sgemm_ in -lcxml
configure:19197: gcc -o conftest -g -O2   conftest.c -lcxml    -L/usr/lib/gcc/x86_64-linux-gnu/7 -L/usr/lib/gcc/x86_64-linux-gnu/7/../../../x86_64-linux-gnu -L/usr/lib/gcc/x86_64-linux-gnu/7/../../../../lib -L/lib/x86_64-linux-gnu -L/lib/../lib -L/usr/lib/x86_64-linux-gnu -L/usr/lib/../lib -L/usr/lib/gcc/x86_64-linux-gnu/7/../../.. -lgfortran -lm -lquadmath >&5
/usr/bin/ld: cannot find -lcxml
collect2: error: ld returned 1 exit status
configure:19197: $? = 1
configure: failed program was:
| /* confdefs.h */
| #define PACKAGE_NAME "ma57"
| #define PACKAGE_TARNAME "ma57"
| #define PACKAGE_VERSION "3.10.0"
| #define PACKAGE_STRING "ma57 3.10.0"
| #define PACKAGE_BUGREPORT "hsl@stfc.ac.uk"
| #define PACKAGE_URL ""
| #define PACKAGE "ma57"
| #define VERSION "3.10.0"
| #define STDC_HEADERS 1
| #define HAVE_SYS_TYPES_H 1
| #define HAVE_SYS_STAT_H 1
| #define HAVE_STDLIB_H 1
| #define HAVE_STRING_H 1
| #define HAVE_MEMORY_H 1
| #define HAVE_STRINGS_H 1
| #define HAVE_INTTYPES_H 1
| #define HAVE_STDINT_H 1
| #define HAVE_UNISTD_H 1
| #define HAVE_DLFCN_H 1
| #define LT_OBJDIR ".libs/"
| /* end confdefs.h.  */
| 
| /* Override any GCC internal prototype to avoid an error.
|    Use char because int might match the return type of a GCC
|    builtin and then its argument prototype would still apply.  */
| #ifdef __cplusplus
| extern "C"
| #endif
| char sgemm_ ();
| #ifdef F77_DUMMY_MAIN
| 
| #  ifdef __cplusplus
|      extern "C"
| #  endif
|    int F77_DUMMY_MAIN() { return 1; }
| 
| #endif
| int
| main ()
| {
| return sgemm_ ();
|   ;
|   return 0;
| }
configure:19207: result: no
configure:19218: checking for sgemm_ in -ldxml
configure:19251: gcc -o conftest -g -O2   conftest.c -ldxml    -L/usr/lib/gcc/x86_64-linux-gnu/7 -L/usr/lib/gcc/x86_64-linux-gnu/7/../../../x86_64-linux-gnu -L/usr/lib/gcc/x86_64-linux-gnu/7/../../../../lib -L/lib/x86_64-linux-gnu -L/lib/../lib -L/usr/lib/x86_64-linux-gnu -L/usr/lib/../lib -L/usr/lib/gcc/x86_64-linux-gnu/7/../../.. -lgfortran -lm -lquadmath >&5
/usr/bin/ld: cannot find -ldxml
collect2: error: ld returned 1 exit status
configure:19251: $? = 1
configure: failed program was:
| /* confdefs.h */
| #define PACKAGE_NAME "ma57"
| #define PACKAGE_TARNAME "ma57"
| #define PACKAGE_VERSION "3.10.0"
| #define PACKAGE_STRING "ma57 3.10.0"
| #define PACKAGE_BUGREPORT "hsl@stfc.ac.uk"
| #define PACKAGE_URL ""
| #define PACKAGE "ma57"
| #define VERSION "3.10.0"
| #define STDC_HEADERS 1
| #define HAVE_SYS_TYPES_H 1
| #define HAVE_SYS_STAT_H 1
| #define HAVE_STDLIB_H 1
| #define HAVE_STRING_H 1
| #define HAVE_MEMORY_H 1
| #define HAVE_STRINGS_H 1
| #define HAVE_INTTYPES_H 1
| #define HAVE_STDINT_H 1
| #define HAVE_UNISTD_H 1
| #define HAVE_DLFCN_H 1
| #define LT_OBJDIR ".libs/"
| /* end confdefs.h.  */
| 
| /* Override any GCC internal prototype to avoid an error.
|    Use char because int might match the return type of a GCC
|    builtin and then its argument prototype would still apply.  */
| #ifdef __cplusplus
| extern "C"
| #endif
| char sgemm_ ();
| #ifdef F77_DUMMY_MAIN
| 
| #  ifdef __cplusplus
|      extern "C"
| #  endif
|    int F77_DUMMY_MAIN() { return 1; }
| 
| #endif
| int
| main ()
| {
| return sgemm_ ();
|   ;
|   return 0;
| }
configure:19261: result: no
configure:19376: checking for sgemm_ in -lscs
configure:19409: gcc -o conftest -g -O2   conftest.c -lscs    -L/usr/lib/gcc/x86_64-linux-gnu/7 -L/usr/lib/gcc/x86_64-linux-gnu/7/../../../x86_64-linux-gnu -L/usr/lib/gcc/x86_64-linux-gnu/7/../../../../lib -L/lib/x86_64-linux-gnu -L/lib/../lib -L/usr/lib/x86_64-linux-gnu -L/usr/lib/../lib -L/usr/lib/gcc/x86_64-linux-gnu/7/../../.. -lgfortran -lm -lquadmath >&5
/usr/bin/ld: cannot find -lscs
collect2: error: ld returned 1 exit status
configure:19409: $? = 1
configure: failed program was:
| /* confdefs.h */
| #define PACKAGE_NAME "ma57"
| #define PACKAGE_TARNAME "ma57"
| #define PACKAGE_VERSION "3.10.0"
| #define PACKAGE_STRING "ma57 3.10.0"
| #define PACKAGE_BUGREPORT "hsl@stfc.ac.uk"
| #define PACKAGE_URL ""
| #define PACKAGE "ma57"
| #define VERSION "3.10.0"
| #define STDC_HEADERS 1
| #define HAVE_SYS_TYPES_H 1
| #define HAVE_SYS_STAT_H 1
| #define HAVE_STDLIB_H 1
| #define HAVE_STRING_H 1
| #define HAVE_MEMORY_H 1
| #define HAVE_STRINGS_H 1
| #define HAVE_INTTYPES_H 1
| #define HAVE_STDINT_H 1
| #define HAVE_UNISTD_H 1
| #define HAVE_DLFCN_H 1
| #define LT_OBJDIR ".libs/"
| /* end confdefs.h.  */
| 
| /* Override any GCC internal prototype to avoid an error.
|    Use char because int might match the return type of a GCC
|    builtin and then its argument prototype would still apply.  */
| #ifdef __cplusplus
| extern "C"
| #endif
| char sgemm_ ();
| #ifdef F77_DUMMY_MAIN
| 
| #  ifdef __cplusplus
|      extern "C"
| #  endif
|    int F77_DUMMY_MAIN() { return 1; }
| 
| #endif
| int
| main ()
| {
| return sgemm_ ();
|   ;
|   return 0;
| }
configure:19419: result: no
configure:19430: checking for sgemm_ in -lcomplib.sgimath
configure:19463: gcc -o conftest -g -O2   conftest.c -lcomplib.sgimath    -L/usr/lib/gcc/x86_64-linux-gnu/7 -L/usr/lib/gcc/x86_64-linux-gnu/7/../../../x86_64-linux-gnu -L/usr/lib/gcc/x86_64-linux-gnu/7/../../../../lib -L/lib/x86_64-linux-gnu -L/lib/../lib -L/usr/lib/x86_64-linux-gnu -L/usr/lib/../lib -L/usr/lib/gcc/x86_64-linux-gnu/7/../../.. -lgfortran -lm -lquadmath >&5
/usr/bin/ld: cannot find -lcomplib.sgimath
collect2: error: ld returned 1 exit status
configure:19463: $? = 1
configure: failed program was:
| /* confdefs.h */
| #define PACKAGE_NAME "ma57"
| #define PACKAGE_TARNAME "ma57"
| #define PACKAGE_VERSION "3.10.0"
| #define PACKAGE_STRING "ma57 3.10.0"
| #define PACKAGE_BUGREPORT "hsl@stfc.ac.uk"
| #define PACKAGE_URL ""
| #define PACKAGE "ma57"
| #define VERSION "3.10.0"
| #define STDC_HEADERS 1
| #define HAVE_SYS_TYPES_H 1
| #define HAVE_SYS_STAT_H 1
| #define HAVE_STDLIB_H 1
| #define HAVE_STRING_H 1
| #define HAVE_MEMORY_H 1
| #define HAVE_STRINGS_H 1
| #define HAVE_INTTYPES_H 1
| #define HAVE_STDINT_H 1
| #define HAVE_UNISTD_H 1
| #define HAVE_DLFCN_H 1
| #define LT_OBJDIR ".libs/"
| /* end confdefs.h.  */
| 
| /* Override any GCC internal prototype to avoid an error.
|    Use char because int might match the return type of a GCC
|    builtin and then its argument prototype would still apply.  */
| #ifdef __cplusplus
| extern "C"
| #endif
| char sgemm_ ();
| #ifdef F77_DUMMY_MAIN
| 
| #  ifdef __cplusplus
|      extern "C"
| #  endif
|    int F77_DUMMY_MAIN() { return 1; }
| 
| #endif
| int
| main ()
| {
| return sgemm_ ();
|   ;
|   return 0;
| }
configure:19473: result: no
configure:19484: checking for sgemm_ in -lblas
configure:19527: result: yes
configure:19531: checking for sgemm_ in -lessl
configure:19564: gcc -o conftest -g -O2   conftest.c -lessl -lblas  -L/usr/lib/gcc/x86_64-linux-gnu/7 -L/usr/lib/gcc/x86_64-linux-gnu/7/../../../x86_64-linux-gnu -L/usr/lib/gcc/x86_64-linux-gnu/7/../../../../lib -L/lib/x86_64-linux-gnu -L/lib/../lib -L/usr/lib/x86_64-linux-gnu -L/usr/lib/../lib -L/usr/lib/gcc/x86_64-linux-gnu/7/../../.. -lgfortran -lm -lquadmath   -L/usr/lib/gcc/x86_64-linux-gnu/7 -L/usr/lib/gcc/x86_64-linux-gnu/7/../../../x86_64-linux-gnu -L/usr/lib/gcc/x86_64-linux-gnu/7/../../../../lib -L/lib/x86_64-linux-gnu -L/lib/../lib -L/usr/lib/x86_64-linux-gnu -L/usr/lib/../lib -L/usr/lib/gcc/x86_64-linux-gnu/7/../../.. -lgfortran -lm -lquadmath >&5
/usr/bin/ld: cannot find -lessl
collect2: error: ld returned 1 exit status
configure:19564: $? = 1
configure: failed program was:
| /* confdefs.h */
| #define PACKAGE_NAME "ma57"
| #define PACKAGE_TARNAME "ma57"
| #define PACKAGE_VERSION "3.10.0"
| #define PACKAGE_STRING "ma57 3.10.0"
| #define PACKAGE_BUGREPORT "hsl@stfc.ac.uk"
| #define PACKAGE_URL ""
| #define PACKAGE "ma57"
| #define VERSION "3.10.0"
| #define STDC_HEADERS 1
| #define HAVE_SYS_TYPES_H 1
| #define HAVE_SYS_STAT_H 1
| #define HAVE_STDLIB_H 1
| #define HAVE_STRING_H 1
| #define HAVE_MEMORY_H 1
| #define HAVE_STRINGS_H 1
| #define HAVE_INTTYPES_H 1
| #define HAVE_STDINT_H 1
| #define HAVE_UNISTD_H 1
| #define HAVE_DLFCN_H 1
| #define LT_OBJDIR ".libs/"
| /* end confdefs.h.  */
| 
| /* Override any GCC internal prototype to avoid an error.
|    Use char because int might match the return type of a GCC
|    builtin and then its argument prototype would still apply.  */
| #ifdef __cplusplus
| extern "C"
| #endif
| char sgemm_ ();
| #ifdef F77_DUMMY_MAIN
| 
| #  ifdef __cplusplus
|      extern "C"
| #  endif
|    int F77_DUMMY_MAIN() { return 1; }
| 
| #endif
| int
| main ()
| {
| return sgemm_ ();
|   ;
|   return 0;
| }
configure:19574: result: no
configure:19587: checking for sgemm_ in -lblas
configure:19630: result: yes
configure:19655: checking for METIS library
configure:19700: checking for metis_nodend_ in -L -lmetis
configure:19728: gcc -o conftest -g -O2   conftest.c -L -lmetis  -lm >&5
/tmp/ccz0bGIt.o: In function `main':
/home/hdang/Schreibtisch/HiWiSport/ma57-3.10.0/conftest.c:43: undefined reference to `metis_nodend_'
collect2: error: ld returned 1 exit status
configure:19728: $? = 1
configure: failed program was:
| /* confdefs.h */
| #define PACKAGE_NAME "ma57"
| #define PACKAGE_TARNAME "ma57"
| #define PACKAGE_VERSION "3.10.0"
| #define PACKAGE_STRING "ma57 3.10.0"
| #define PACKAGE_BUGREPORT "hsl@stfc.ac.uk"
| #define PACKAGE_URL ""
| #define PACKAGE "ma57"
| #define VERSION "3.10.0"
| #define STDC_HEADERS 1
| #define HAVE_SYS_TYPES_H 1
| #define HAVE_SYS_STAT_H 1
| #define HAVE_STDLIB_H 1
| #define HAVE_STRING_H 1
| #define HAVE_MEMORY_H 1
| #define HAVE_STRINGS_H 1
| #define HAVE_INTTYPES_H 1
| #define HAVE_STDINT_H 1
| #define HAVE_UNISTD_H 1
| #define HAVE_DLFCN_H 1
| #define LT_OBJDIR ".libs/"
| #define HAVE_BLAS 1
| /* end confdefs.h.  */
| 
| /* Override any GCC internal prototype to avoid an error.
|    Use char because int might match the return type of a GCC
|    builtin and then its argument prototype would still apply.  */
| #ifdef __cplusplus
| extern "C"
| #endif
| char metis_nodend_ ();
| #ifdef F77_DUMMY_MAIN
| 
| #  ifdef __cplusplus
|      extern "C"
| #  endif
|    int F77_DUMMY_MAIN() { return 1; }
| 
| #endif
| int
| main ()
| {
| return metis_nodend_ ();
|   ;
|   return 0;
| }
configure:19735: result: no
configure:19746: checking for metis_nodend_ in -lmetis
configure:19779: gcc -o conftest -g -O2   conftest.c -lmetis -lm  >&5
configure:19779: $? = 0
configure:19789: result: yes
configure:19959: checking that generated files are newer than configure
configure:19965: result: done
configure:19992: creating ./config.status

## ---------------------- ##
## Running config.status. ##
## ---------------------- ##

This file was extended by ma57 config.status 3.10.0, which was
generated by GNU Autoconf 2.69.  Invocation command line was

  CONFIG_FILES    = 
  CONFIG_HEADERS  = 
  CONFIG_LINKS    = 
  CONFIG_COMMANDS = 
  $ ./config.status 

on hdang

config.status:1133: creating Makefile
config.status:1133: creating src/Makefile
config.status:1133: creating example/Makefile
config.status:1305: executing depfiles commands
config.status:1305: executing libtool commands

## ---------------- ##
## Cache variables. ##
## ---------------- ##

ac_cv_build=x86_64-unknown-linux-gnu
ac_cv_c_compiler_gnu=yes
ac_cv_env_CC_set=
ac_cv_env_CC_value=
ac_cv_env_CFLAGS_set=
ac_cv_env_CFLAGS_value=
ac_cv_env_CPPFLAGS_set=
ac_cv_env_CPPFLAGS_value=
ac_cv_env_CPP_set=
ac_cv_env_CPP_value=
ac_cv_env_F77_set=
ac_cv_env_F77_value=
ac_cv_env_FCFLAGS_set=
ac_cv_env_FCFLAGS_value=
ac_cv_env_FC_set=
ac_cv_env_FC_value=
ac_cv_env_FFLAGS_set=
ac_cv_env_FFLAGS_value=
ac_cv_env_LDFLAGS_set=
ac_cv_env_LDFLAGS_value=
ac_cv_env_LIBS_set=
ac_cv_env_LIBS_value=
ac_cv_env_build_alias_set=
ac_cv_env_build_alias_value=
ac_cv_env_host_alias_set=
ac_cv_env_host_alias_value=
ac_cv_env_target_alias_set=
ac_cv_env_target_alias_value=
ac_cv_f77_compiler_gnu=yes
ac_cv_f77_dummy_main=none
ac_cv_f77_libs=' -L/usr/lib/gcc/x86_64-linux-gnu/7 -L/usr/lib/gcc/x86_64-linux-gnu/7/../../../x86_64-linux-gnu -L/usr/lib/gcc/x86_64-linux-gnu/7/../../../../lib -L/lib/x86_64-linux-gnu -L/lib/../lib -L/usr/lib/x86_64-linux-gnu -L/usr/lib/../lib -L/usr/lib/gcc/x86_64-linux-gnu/7/../../.. -lgfortran -lm -lquadmath'
ac_cv_f77_mangling='lower case, underscore, no extra underscore'
ac_cv_fc_compiler_gnu=yes
ac_cv_fc_libs=' -L/usr/lib/gcc/x86_64-linux-gnu/7 -L/usr/lib/gcc/x86_64-linux-gnu/7/../../../x86_64-linux-gnu -L/usr/lib/gcc/x86_64-linux-gnu/7/../../../../lib -L/lib/x86_64-linux-gnu -L/lib/../lib -L/usr/lib/x86_64-linux-gnu -L/usr/lib/../lib -L/usr/lib/gcc/x86_64-linux-gnu/7/../../.. -lgfortran -lm -lquadmath'
ac_cv_fortran_dummy_main=none
ac_cv_func_sgemm_=no
ac_cv_header_dlfcn_h=yes
ac_cv_header_inttypes_h=yes
ac_cv_header_memory_h=yes
ac_cv_header_stdc=yes
ac_cv_header_stdint_h=yes
ac_cv_header_stdlib_h=yes
ac_cv_header_string_h=yes
ac_cv_header_strings_h=yes
ac_cv_header_sys_stat_h=yes
ac_cv_header_sys_types_h=yes
ac_cv_header_unistd_h=yes
ac_cv_header_windows_h=no
ac_cv_host=x86_64-unknown-linux-gnu
ac_cv_lib_atlas_ATL_xerbla=no
ac_cv_lib_blas_sgemm_=yes
ac_cv_lib_complib_sgimath_sgemm_=no
ac_cv_lib_cxml_sgemm_=no
ac_cv_lib_dgemm_dgemm_=no
ac_cv_lib_dxml_sgemm_=no
ac_cv_lib_essl_sgemm_=no
ac_cv_lib_metis_metis_nodend_=yes
ac_cv_lib_scs_sgemm_=no
ac_cv_objext=o
ac_cv_path_EGREP='/bin/grep -E'
ac_cv_path_FGREP='/bin/grep -F'
ac_cv_path_GREP=/bin/grep
ac_cv_path_SED=/bin/sed
ac_cv_path_install='/usr/bin/install -c'
ac_cv_path_mkdir=/bin/mkdir
ac_cv_prog_AWK=gawk
ac_cv_prog_CPP='gcc -E'
ac_cv_prog_ac_ct_AR=ar
ac_cv_prog_ac_ct_CC=gcc
ac_cv_prog_ac_ct_FC=gfortran
ac_cv_prog_ac_ct_MANIFEST_TOOL=mt
ac_cv_prog_ac_ct_OBJDUMP=objdump
ac_cv_prog_ac_ct_RANLIB=ranlib
ac_cv_prog_ac_ct_STRIP=strip
ac_cv_prog_cc_c89=
ac_cv_prog_cc_g=yes
ac_cv_prog_f77_g=yes
ac_cv_prog_f77_v=-v
ac_cv_prog_fc_g=yes
ac_cv_prog_fc_v=-v
ac_cv_prog_make_make_set=yes
am_cv_CC_dependencies_compiler_type=none
am_cv_make_support_nested_variables=yes
am_cv_prog_cc_c_o=yes
ax_cv_f90_modflag='not found'
lt_cv_ar_at_file=@
lt_cv_archive_cmds_need_lc=no
lt_cv_deplibs_check_method=pass_all
lt_cv_file_magic_cmd='$MAGIC_CMD'
lt_cv_file_magic_test_file=
lt_cv_ld_reload_flag=-r
lt_cv_nm_interface='BSD nm'
lt_cv_objdir=.libs
lt_cv_path_LD=/usr/bin/ld
lt_cv_path_NM='/usr/bin/nm -B'
lt_cv_path_mainfest_tool=no
lt_cv_prog_compiler_c_o=yes
lt_cv_prog_compiler_c_o_F77=yes
lt_cv_prog_compiler_c_o_FC=yes
lt_cv_prog_compiler_pic='-fPIC -DPIC'
lt_cv_prog_compiler_pic_F77=-fPIC
lt_cv_prog_compiler_pic_FC=-fPIC
lt_cv_prog_compiler_pic_works=yes
lt_cv_prog_compiler_pic_works_F77=yes
lt_cv_prog_compiler_pic_works_FC=yes
lt_cv_prog_compiler_rtti_exceptions=no
lt_cv_prog_compiler_static_works=yes
lt_cv_prog_compiler_static_works_F77=yes
lt_cv_prog_compiler_static_works_FC=yes
lt_cv_prog_gnu_ld=yes
lt_cv_sharedlib_from_linklib_cmd='printf %s\n'
lt_cv_shlibpath_overrides_runpath=yes
lt_cv_sys_global_symbol_pipe='sed -n -e '\''s/^.*[	 ]\([ABCDGIRSTW][ABCDGIRSTW]*\)[	 ][	 ]*\([_A-Za-z][_A-Za-z0-9]*\)$/\1 \2 \2/p'\'' | sed '\''/ __gnu_lto/d'\'''
lt_cv_sys_global_symbol_to_c_name_address='sed -n -e '\''s/^: \([^ ]*\)[ ]*$/  {\"\1\", (void *) 0},/p'\'' -e '\''s/^[ABCDGIRSTW]* \([^ ]*\) \([^ ]*\)$/  {"\2", (void *) \&\2},/p'\'''
lt_cv_sys_global_symbol_to_c_name_address_lib_prefix='sed -n -e '\''s/^: \([^ ]*\)[ ]*$/  {\"\1\", (void *) 0},/p'\'' -e '\''s/^[ABCDGIRSTW]* \([^ ]*\) \(lib[^ ]*\)$/  {"\2", (void *) \&\2},/p'\'' -e '\''s/^[ABCDGIRSTW]* \([^ ]*\) \([^ ]*\)$/  {"lib\2", (void *) \&\2},/p'\'''
lt_cv_sys_global_symbol_to_cdecl='sed -n -e '\''s/^T .* \(.*\)$/extern int \1();/p'\'' -e '\''s/^[ABCDGIRSTW]* .* \(.*\)$/extern char \1;/p'\'''
lt_cv_sys_max_cmd_len=1572864
lt_cv_to_host_file_cmd=func_convert_file_noop
lt_cv_to_tool_file_cmd=func_convert_file_noop

## ----------------- ##
## Output variables. ##
## ----------------- ##

ACLOCAL='${SHELL} /home/hdang/Schreibtisch/HiWiSport/ma57-3.10.0/missing aclocal-1.14'
AMDEPBACKSLASH='\'
AMDEP_FALSE='#'
AMDEP_TRUE=''
AMTAR='$${TAR-tar}'
AM_BACKSLASH='\'
AM_DEFAULT_V='$(AM_DEFAULT_VERBOSITY)'
AM_DEFAULT_VERBOSITY='1'
AM_V='$(V)'
AR='ar'
AUTOCONF='${SHELL} /home/hdang/Schreibtisch/HiWiSport/ma57-3.10.0/missing autoconf'
AUTOHEADER='${SHELL} /home/hdang/Schreibtisch/HiWiSport/ma57-3.10.0/missing autoheader'
AUTOMAKE='${SHELL} /home/hdang/Schreibtisch/HiWiSport/ma57-3.10.0/missing automake-1.14'
AWK='gawk'
BLAS_LIBS='-lblas'
CC='gcc'
CCDEPMODE='depmode=none'
CFLAGS='-g -O2'
CPP='gcc -E'
CPPFLAGS=''
CYGPATH_W='echo'
DEFS='-DPACKAGE_NAME=\"ma57\" -DPACKAGE_TARNAME=\"ma57\" -DPACKAGE_VERSION=\"3.10.0\" -DPACKAGE_STRING=\"ma57\ 3.10.0\" -DPACKAGE_BUGREPORT=\"hsl@stfc.ac.uk\" -DPACKAGE_URL=\"\" -DPACKAGE=\"ma57\" -DVERSION=\"3.10.0\" -DSTDC_HEADERS=1 -DHAVE_SYS_TYPES_H=1 -DHAVE_SYS_STAT_H=1 -DHAVE_STDLIB_H=1 -DHAVE_STRING_H=1 -DHAVE_MEMORY_H=1 -DHAVE_STRINGS_H=1 -DHAVE_INTTYPES_H=1 -DHAVE_STDINT_H=1 -DHAVE_UNISTD_H=1 -DHAVE_DLFCN_H=1 -DLT_OBJDIR=\".libs/\" -DHAVE_BLAS=1 -DHAVE_METIS=1'
DEPDIR='.deps'
DLLTOOL='false'
DSYMUTIL=''
DUMPBIN=''
ECHO_C=''
ECHO_N='-n'
ECHO_T=''
EGREP='/bin/grep -E'
EXEEXT=''
F77='gfortran'
FC='gfortran'
FCFLAGS='-g -O2'
FCLIBS=' -L/usr/lib/gcc/x86_64-linux-gnu/7 -L/usr/lib/gcc/x86_64-linux-gnu/7/../../../x86_64-linux-gnu -L/usr/lib/gcc/x86_64-linux-gnu/7/../../../../lib -L/lib/x86_64-linux-gnu -L/lib/../lib -L/usr/lib/x86_64-linux-gnu -L/usr/lib/../lib -L/usr/lib/gcc/x86_64-linux-gnu/7/../../.. -lgfortran -lm -lquadmath'
FFLAGS='-g -O2'
FGREP='/bin/grep -F'
FLIBS=' -L/usr/lib/gcc/x86_64-linux-gnu/7 -L/usr/lib/gcc/x86_64-linux-gnu/7/../../../x86_64-linux-gnu -L/usr/lib/gcc/x86_64-linux-gnu/7/../../../../lib -L/lib/x86_64-linux-gnu -L/lib/../lib -L/usr/lib/x86_64-linux-gnu -L/usr/lib/../lib -L/usr/lib/gcc/x86_64-linux-gnu/7/../../.. -lgfortran -lm -lquadmath'
GREP='/bin/grep'
INSTALL_DATA='${INSTALL} -m 644'
INSTALL_PROGRAM='${INSTALL}'
INSTALL_SCRIPT='${INSTALL}'
INSTALL_STRIP_PROGRAM='$(install_sh) -c -s'
LD='/usr/bin/ld -m elf_x86_64'
LDFLAGS=''
LIBOBJS=''
LIBS=''
LIBTOOL='$(SHELL) $(top_builddir)/libtool'
LIPO=''
LN_S='ln -s'
LTLIBOBJS=''
MAKEINFO='${SHELL} /home/hdang/Schreibtisch/HiWiSport/ma57-3.10.0/missing makeinfo'
MANIFEST_TOOL=':'
METIS_LIBS='-lmetis'
MKDIR_P='/bin/mkdir -p'
NM='/usr/bin/nm -B'
NMEDIT=''
OBJDUMP='objdump'
OBJEXT='o'
OTOOL64=''
OTOOL=''
PACKAGE='ma57'
PACKAGE_BUGREPORT='hsl@stfc.ac.uk'
PACKAGE_NAME='ma57'
PACKAGE_STRING='ma57 3.10.0'
PACKAGE_TARNAME='ma57'
PACKAGE_URL=''
PACKAGE_VERSION='3.10.0'
PATH_SEPARATOR=':'
RANLIB='ranlib'
SED='/bin/sed'
SET_MAKE=''
SHELL='/bin/bash'
STRIP='strip'
TARGET_DLL_FALSE=''
TARGET_DLL_TRUE='#'
VERSION='3.10.0'
ac_ct_AR='ar'
ac_ct_CC='gcc'
ac_ct_DUMPBIN=''
ac_ct_F77=''
ac_ct_FC='gfortran'
am__EXEEXT_FALSE=''
am__EXEEXT_TRUE='#'
am__fastdepCC_FALSE=''
am__fastdepCC_TRUE='#'
am__include='include'
am__isrc=''
am__leading_dot='.'
am__nodep='_no'
am__quote=''
am__tar='$${TAR-tar} chof - "$$tardir"'
am__untar='$${TAR-tar} xf -'
bindir='${exec_prefix}/bin'
build='x86_64-unknown-linux-gnu'
build_alias=''
build_cpu='x86_64'
build_os='linux-gnu'
build_vendor='unknown'
datadir='${datarootdir}'
datarootdir='${prefix}/share'
docdir='${datarootdir}/doc/${PACKAGE_TARNAME}'
dvidir='${docdir}'
exec_prefix='${prefix}'
host='x86_64-unknown-linux-gnu'
host_alias=''
host_cpu='x86_64'
host_os='linux-gnu'
host_vendor='unknown'
htmldir='${docdir}'
includedir='${prefix}/include'
infodir='${datarootdir}/info'
install_sh='${SHELL} /home/hdang/Schreibtisch/HiWiSport/ma57-3.10.0/install-sh'
libdir='${exec_prefix}/lib'
libexecdir='${exec_prefix}/libexec'
localedir='${datarootdir}/locale'
localstatedir='${prefix}/var'
mandir='${datarootdir}/man'
mkdir_p='$(MKDIR_P)'
oldincludedir='/usr/include'
pdfdir='${docdir}'
prefix='/usr/local'
program_transform_name='s,x,x,'
psdir='${docdir}'
sbindir='${exec_prefix}/sbin'
sharedstatedir='${prefix}/com'
sysconfdir='${prefix}/etc'
target_alias=''

## ----------- ##
## confdefs.h. ##
## ----------- ##

/* confdefs.h */
#define PACKAGE_NAME "ma57"
#define PACKAGE_TARNAME "ma57"
#define PACKAGE_VERSION "3.10.0"
#define PACKAGE_STRING "ma57 3.10.0"
#define PACKAGE_BUGREPORT "hsl@stfc.ac.uk"
#define PACKAGE_URL ""
#define PACKAGE "ma57"
#define VERSION "3.10.0"
#define STDC_HEADERS 1
#define HAVE_SYS_TYPES_H 1
#define HAVE_SYS_STAT_H 1
#define HAVE_STDLIB_H 1
#define HAVE_STRING_H 1
#define HAVE_MEMORY_H 1
#define HAVE_STRINGS_H 1
#define HAVE_INTTYPES_H 1
#define HAVE_STDINT_H 1
#define HAVE_UNISTD_H 1
#define HAVE_DLFCN_H 1
#define LT_OBJDIR ".libs/"
#define HAVE_BLAS 1
#define HAVE_METIS 1

configure: exit 0
